<?xml version="1.0" encoding="UTF-8"?>
<!-- Generated by org.testng.reporters.JUnitReportReporter -->
<testsuite skipped="0" hostname="DESKTOP-FUR6L4J" name="Id_VOIS_Task.VOIS_Task.login_class" tests="1" failures="0" timestamp="11 Feb 2021 18:03:00 GMT" time="52.425" errors="0">
  <testcase name="login" time="52.425" classname="Id_VOIS_Task.VOIS_Task.login_class"/>
</testsuite> <!-- Id_VOIS_Task.VOIS_Task.login_class -->
