<?xml version="1.0" encoding="UTF-8"?>
<!-- Generated by org.testng.reporters.JUnitReportReporter -->
<testsuite skipped="0" hostname="DESKTOP-FUR6L4J" name="Postman_test.pm_test" tests="2" failures="0" timestamp="12 Feb 2021 19:44:00 GMT" time="4.326" errors="0">
  <testcase name="test_assert2" time="2.013" classname="Postman_test.pm_test"/>
  <testcase name="test_assert" time="2.313" classname="Postman_test.pm_test"/>
</testsuite> <!-- Postman_test.pm_test -->
