<?xml version="1.0" encoding="UTF-8"?>
<!-- Generated by org.testng.reporters.JUnitReportReporter -->
<testsuite skipped="0" hostname="DESKTOP-FUR6L4J" name="Id_VOIS_Task.VOIS_Task.check_cart" tests="1" failures="0" timestamp="11 Feb 2021 18:23:10 GMT" time="28.841" errors="0">
  <testcase name="check_cart" time="28.841" classname="Id_VOIS_Task.VOIS_Task.check_cart"/>
</testsuite> <!-- Id_VOIS_Task.VOIS_Task.check_cart -->
