<?xml version="1.0" encoding="UTF-8"?>
<!-- Generated by org.testng.reporters.JUnitReportReporter -->
<testsuite skipped="0" hostname="DESKTOP-FUR6L4J" name="Id_VOIS_Task.VOIS_Task.run_class" tests="1" failures="0" timestamp="12 Feb 2021 19:38:12 GMT" time="75.931" errors="0">
  <testcase name="run_m" time="75.931" classname="Id_VOIS_Task.VOIS_Task.run_class"/>
</testsuite> <!-- Id_VOIS_Task.VOIS_Task.run_class -->
